<!DOCTYPE html PUBLIC "-//W3C//DTD XHTML 1.1//EN" "https://www.w3.org/TR/xhtml11/DTD/xhtml11.dtd">
<html xmlns="https://www.w3.org/1999/xhtml">
<head>
<meta http-equiv="content-type" content="text/html; charset=UTF-8"/>
<title>TestNG Report</title>
<style type="text/css">table {margin-bottom:10px;border-collapse:collapse;empty-cells:show}th,td {border:1px solid #009;padding:.25em .5em}th {vertical-align:bottom}td {vertical-align:top}table a {font-weight:bold}.stripe td {background-color: #E6EBF9}.num {text-align:right}.passedodd td {background-color: #3F3}.passedeven td {background-color: #0A0}.skippedodd td {background-color: #DDD}.skippedeven td {background-color: #CCC}.failedodd td,.attn {background-color: #F33}.failedeven td,.stripe .attn {background-color: #D00}.stacktrace {white-space:pre;font-family:monospace}.totop {font-size:85%;text-align:center;border-bottom:2px solid #000}.invisible {display:none}</style>
</head>
<body>
<table>
<tr><th>Test</th><th># Passed</th><th># Skipped</th><th># Retried</th><th># Failed</th><th>Time (ms)</th><th>Included Groups</th><th>Excluded Groups</th></tr>
<tr><th colspan="8">TestNG Session Test Automation Suite</th></tr>
<tr><td><a href="#t0">Walmart Myproject Test</a></td><td class="num">17</td><td class="num">0</td><td class="num">0</td><td class="num attn">4</td><td class="num">1,164,907</td><td></td><td></td></tr>
</table>
<table id='summary'><thead><tr><th>Class</th><th>Method</th><th>Start</th><th>Time (ms)</th></tr></thead><tbody><tr><th colspan="4">TestNG Session Test Automation Suite</th></tr></tbody><tbody id="t0"><tr><th colspan="4">Walmart Myproject Test &#8212; failed</th></tr><tr class="failedeven"><td rowspan="1">com.walmart.qa.testcases.CreatePageTest</td><td><a href="#m0">createaccount</a></td><td rowspan="1">1620858585086</td><td rowspan="1">60538</td></tr><tr class="failedodd"><td rowspan="1">com.walmart.qa.testcases.PersonalSettingsTest</td><td><a href="#m1">languageChange</a></td><td rowspan="1">1620859271621</td><td rowspan="1">72444</td></tr><tr class="failedeven"><td rowspan="1">com.walmart.qa.testcases.ShoppingCartTest</td><td><a href="#m2">removeallfromcartTest</a></td><td rowspan="1">1620859509799</td><td rowspan="1">17571</td></tr><tr class="failedodd"><td rowspan="1">com.walmart.qa.testcases.WalmartWebPageTest</td><td><a href="#m3">PaginationTest</a></td><td rowspan="1">1620859612237</td><td rowspan="1">509</td></tr><tr><th colspan="4">Walmart Myproject Test &#8212; passed</th></tr><tr class="passedeven"><td rowspan="1">com.walmart.qa.testcases.CreatePageTest</td><td><a href="#m4">MyaccounttitlepageTest</a></td><td rowspan="1">1620858565306</td><td rowspan="1">92</td></tr><tr class="passedodd"><td rowspan="2">com.walmart.qa.testcases.ListsPageTest</td><td><a href="#m5">listspage</a></td><td rowspan="1">1620858670962</td><td rowspan="1">4262</td></tr><tr class="passedodd"><td><a href="#m6">searchfunctionTest</a></td><td rowspan="1">1620858715270</td><td rowspan="1">14591</td></tr><tr class="passedeven"><td rowspan="1">com.walmart.qa.testcases.LoginPageTest</td><td><a href="#m7">loginTest</a></td><td rowspan="1">1620858763334</td><td rowspan="1">1992</td></tr><tr class="passedodd"><td rowspan="2">com.walmart.qa.testcases.MyAccountPageTest</td><td><a href="#m8">cartaccessTest</a></td><td rowspan="1">1620858793230</td><td rowspan="1">37678</td></tr><tr class="passedodd"><td><a href="#m9">orderHistoryTest</a></td><td rowspan="1">1620858854091</td><td rowspan="1">10793</td></tr><tr class="passedeven"><td rowspan="2">com.walmart.qa.testcases.MyRegsPageTest</td><td><a href="#m10">RegistriesPageTest</a></td><td rowspan="1">1620859036229</td><td rowspan="1">19133</td></tr><tr class="passedeven"><td><a href="#m11">weddingandbabyregistry</a></td><td rowspan="1">1620859104298</td><td rowspan="1">57526</td></tr><tr class="passedodd"><td rowspan="2">com.walmart.qa.testcases.MyrecomPageTest</td><td><a href="#m12">RecommendationPageTest</a></td><td rowspan="1">1620858911158</td><td rowspan="1">9797</td></tr><tr class="passedodd"><td><a href="#m13">addtocartTest</a></td><td rowspan="1">1620858977950</td><td rowspan="1">15272</td></tr><tr class="passedeven"><td rowspan="2">com.walmart.qa.testcases.OrderTest</td><td><a href="#m14">RedirectlinkTest</a></td><td rowspan="1">1620859231357</td><td rowspan="1">24</td></tr><tr class="passedeven"><td><a href="#m15">SelectYearTest</a></td><td rowspan="1">1620859197446</td><td rowspan="1">1697</td></tr><tr class="passedodd"><td rowspan="1">com.walmart.qa.testcases.PersonalSettingsTest</td><td><a href="#m16">PersonalSettingsTest</a></td><td rowspan="1">1620859388162</td><td rowspan="1">10029</td></tr><tr class="passedeven"><td rowspan="2">com.walmart.qa.testcases.ShoppingCartTest</td><td><a href="#m17">addtocartfromcartpageTest</a></td><td rowspan="1">1620859423208</td><td rowspan="1">14132</td></tr><tr class="passedeven"><td><a href="#m18">removefromcartTest</a></td><td rowspan="1">1620859471568</td><td rowspan="1">10393</td></tr><tr class="passedodd"><td rowspan="2">com.walmart.qa.testcases.WalmartWebPageTest</td><td><a href="#m19">SortationTest</a></td><td rowspan="1">1620859684369</td><td rowspan="1">20762</td></tr><tr class="passedodd"><td><a href="#m20">filtrationTest</a></td><td rowspan="1">1620859558112</td><td rowspan="1">20046</td></tr></tbody>
</table>
<h2>Walmart Myproject Test</h2><h3 id="m0">com.walmart.qa.testcases.CreatePageTest#createaccount</h3><table class="result"><tr><th>Exception</th></tr><tr><td><div class="stacktrace">org.openqa.selenium.NoSuchElementException: Unable to locate element: #firstName
For documentation on this error, please visit: https://www.seleniumhq.org/exceptions/no_such_element.html
Build info: version: &apos;3.141.59&apos;, revision: &apos;e82be7d358&apos;, time: &apos;2018-11-14T08:17:03&apos;
System info: host: &apos;KAVYARAYALA&apos;, ip: &apos;192.168.163.1&apos;, os.name: &apos;Windows 10&apos;, os.arch: &apos;amd64&apos;, os.version: &apos;10.0&apos;, java.version: &apos;15.0.2&apos;
Driver info: org.openqa.selenium.firefox.FirefoxDriver
Capabilities {acceptInsecureCerts: true, browserName: firefox, browserVersion: 89.0, javascriptEnabled: true, moz:accessibilityChecks: false, moz:buildID: 20210427185821, moz:geckodriverVersion: 0.29.0, moz:headless: false, moz:processID: 13244, moz:profile: C:\Users\lenovo\AppData\Loc..., moz:shutdownTimeout: 60000, moz:useNonSpecCompliantPointerOrigin: false, moz:webdriverClick: true, pageLoadStrategy: normal, platform: WINDOWS, platformName: WINDOWS, platformVersion: 10.0, setWindowRect: true, strictFileInteractability: false, timeouts: {implicit: 0, pageLoad: 300000, script: 30000}, unhandledPromptBehavior: dismiss and notify}
Session ID: 1549c758-28fd-4cc5-8f10-cf955bf9e92e
*** Element info: {Using=id, value=firstName}
	at org.openqa.selenium.remote.http.W3CHttpResponseCodec.createException(W3CHttpResponseCodec.java:187)
	at org.openqa.selenium.remote.http.W3CHttpResponseCodec.decode(W3CHttpResponseCodec.java:122)
	at org.openqa.selenium.remote.http.W3CHttpResponseCodec.decode(W3CHttpResponseCodec.java:49)
	at org.openqa.selenium.remote.HttpCommandExecutor.execute(HttpCommandExecutor.java:158)
	at org.openqa.selenium.remote.service.DriverCommandExecutor.execute(DriverCommandExecutor.java:83)
	at org.openqa.selenium.remote.RemoteWebDriver.execute(RemoteWebDriver.java:552)
	at org.openqa.selenium.remote.RemoteWebDriver.findElement(RemoteWebDriver.java:323)
	at org.openqa.selenium.remote.RemoteWebDriver.findElementById(RemoteWebDriver.java:372)
	at org.openqa.selenium.By$ById.findElement(By.java:188)
	at org.openqa.selenium.remote.RemoteWebDriver.findElement(RemoteWebDriver.java:315)
	at org.openqa.selenium.support.pagefactory.DefaultElementLocator.findElement(DefaultElementLocator.java:69)
	at org.openqa.selenium.support.pagefactory.internal.LocatingElementHandler.invoke(LocatingElementHandler.java:38)
	at com.sun.proxy.$Proxy12.sendKeys(Unknown Source)
	at com.walmart.qa.pages.CreateAccountPage.login1(CreateAccountPage.java:33)
	at com.walmart.qa.testcases.CreatePageTest.createaccount(CreatePageTest.java:26)
	at java.base/java.util.ArrayList.forEach(ArrayList.java:1511)
... Removed 32 stack frames</div></td></tr></table><p class="totop"><a href="#summary">back to summary</a></p>
<h3 id="m1">com.walmart.qa.testcases.PersonalSettingsTest#languageChange</h3><table class="result"><tr><th>Exception</th></tr><tr><td><div class="stacktrace">org.openqa.selenium.NoSuchElementException: Unable to locate element: //*[@id=&quot;English&quot;]
For documentation on this error, please visit: https://www.seleniumhq.org/exceptions/no_such_element.html
Build info: version: &apos;3.141.59&apos;, revision: &apos;e82be7d358&apos;, time: &apos;2018-11-14T08:17:03&apos;
System info: host: &apos;KAVYARAYALA&apos;, ip: &apos;192.168.163.1&apos;, os.name: &apos;Windows 10&apos;, os.arch: &apos;amd64&apos;, os.version: &apos;10.0&apos;, java.version: &apos;15.0.2&apos;
Driver info: org.openqa.selenium.firefox.FirefoxDriver
Capabilities {acceptInsecureCerts: true, browserName: firefox, browserVersion: 89.0, javascriptEnabled: true, moz:accessibilityChecks: false, moz:buildID: 20210427185821, moz:geckodriverVersion: 0.29.0, moz:headless: false, moz:processID: 13104, moz:profile: C:\Users\lenovo\AppData\Loc..., moz:shutdownTimeout: 60000, moz:useNonSpecCompliantPointerOrigin: false, moz:webdriverClick: true, pageLoadStrategy: normal, platform: WINDOWS, platformName: WINDOWS, platformVersion: 10.0, setWindowRect: true, strictFileInteractability: false, timeouts: {implicit: 0, pageLoad: 300000, script: 30000}, unhandledPromptBehavior: dismiss and notify}
Session ID: ec045e8a-bca9-4e8d-9599-9d805906a122
*** Element info: {Using=xpath, value=//*[@id=&quot;English&quot;]}
	at org.openqa.selenium.remote.http.W3CHttpResponseCodec.createException(W3CHttpResponseCodec.java:187)
	at org.openqa.selenium.remote.http.W3CHttpResponseCodec.decode(W3CHttpResponseCodec.java:122)
	at org.openqa.selenium.remote.http.W3CHttpResponseCodec.decode(W3CHttpResponseCodec.java:49)
	at org.openqa.selenium.remote.HttpCommandExecutor.execute(HttpCommandExecutor.java:158)
	at org.openqa.selenium.remote.service.DriverCommandExecutor.execute(DriverCommandExecutor.java:83)
	at org.openqa.selenium.remote.RemoteWebDriver.execute(RemoteWebDriver.java:552)
	at org.openqa.selenium.remote.RemoteWebDriver.findElement(RemoteWebDriver.java:323)
	at org.openqa.selenium.remote.RemoteWebDriver.findElementByXPath(RemoteWebDriver.java:428)
	at org.openqa.selenium.By$ByXPath.findElement(By.java:353)
	at org.openqa.selenium.remote.RemoteWebDriver.findElement(RemoteWebDriver.java:315)
	at com.walmart.qa.pages.PersonalSettingsPage.languageChange(PersonalSettingsPage.java:22)
	at com.walmart.qa.testcases.PersonalSettingsTest.languageChange(PersonalSettingsTest.java:31)
	at java.base/java.util.ArrayList.forEach(ArrayList.java:1511)
... Removed 32 stack frames</div></td></tr></table><p class="totop"><a href="#summary">back to summary</a></p>
<h3 id="m2">com.walmart.qa.testcases.ShoppingCartTest#removeallfromcartTest</h3><table class="result"><tr><th>Exception</th></tr><tr><td><div class="stacktrace">org.openqa.selenium.ElementClickInterceptedException: Element &lt;span&gt; is not clickable at point (739,634) because another element &lt;div class=&quot;css-uhsczu e7zg2gg1&quot;&gt; obscures it
Build info: version: &apos;3.141.59&apos;, revision: &apos;e82be7d358&apos;, time: &apos;2018-11-14T08:17:03&apos;
System info: host: &apos;KAVYARAYALA&apos;, ip: &apos;192.168.163.1&apos;, os.name: &apos;Windows 10&apos;, os.arch: &apos;amd64&apos;, os.version: &apos;10.0&apos;, java.version: &apos;15.0.2&apos;
Driver info: org.openqa.selenium.firefox.FirefoxDriver
Capabilities {acceptInsecureCerts: true, browserName: firefox, browserVersion: 89.0, javascriptEnabled: true, moz:accessibilityChecks: false, moz:buildID: 20210427185821, moz:geckodriverVersion: 0.29.0, moz:headless: false, moz:processID: 12404, moz:profile: C:\Users\lenovo\AppData\Loc..., moz:shutdownTimeout: 60000, moz:useNonSpecCompliantPointerOrigin: false, moz:webdriverClick: true, pageLoadStrategy: normal, platform: WINDOWS, platformName: WINDOWS, platformVersion: 10.0, setWindowRect: true, strictFileInteractability: false, timeouts: {implicit: 0, pageLoad: 300000, script: 30000}, unhandledPromptBehavior: dismiss and notify}
Session ID: 98ff7a97-c347-49b2-beb3-52e2765f4723
	at org.openqa.selenium.remote.http.W3CHttpResponseCodec.createException(W3CHttpResponseCodec.java:187)
	at org.openqa.selenium.remote.http.W3CHttpResponseCodec.decode(W3CHttpResponseCodec.java:122)
	at org.openqa.selenium.remote.http.W3CHttpResponseCodec.decode(W3CHttpResponseCodec.java:49)
	at org.openqa.selenium.remote.HttpCommandExecutor.execute(HttpCommandExecutor.java:158)
	at org.openqa.selenium.remote.service.DriverCommandExecutor.execute(DriverCommandExecutor.java:83)
	at org.openqa.selenium.remote.RemoteWebDriver.execute(RemoteWebDriver.java:552)
	at org.openqa.selenium.remote.RemoteWebElement.execute(RemoteWebElement.java:285)
	at org.openqa.selenium.remote.RemoteWebElement.click(RemoteWebElement.java:84)
	at com.walmart.qa.pages.ShoppingCartPage.removeallfromcart(ShoppingCartPage.java:26)
	at com.walmart.qa.testcases.ShoppingCartTest.removeallfromcartTest(ShoppingCartTest.java:41)
	at java.base/java.util.ArrayList.forEach(ArrayList.java:1511)
... Removed 32 stack frames</div></td></tr></table><p class="totop"><a href="#summary">back to summary</a></p>
<h3 id="m3">com.walmart.qa.testcases.WalmartWebPageTest#PaginationTest</h3><table class="result"><tr><th>Exception</th></tr><tr><td><div class="stacktrace">org.openqa.selenium.StaleElementReferenceException: The element reference of &lt;div id=&quot;batBeacon170174830018&quot;&gt; is stale; either the element is no longer attached to the DOM, it is not in the current frame context, or the document has been refreshed
For documentation on this error, please visit: https://www.seleniumhq.org/exceptions/stale_element_reference.html
Build info: version: &apos;3.141.59&apos;, revision: &apos;e82be7d358&apos;, time: &apos;2018-11-14T08:17:03&apos;
System info: host: &apos;KAVYARAYALA&apos;, ip: &apos;192.168.163.1&apos;, os.name: &apos;Windows 10&apos;, os.arch: &apos;amd64&apos;, os.version: &apos;10.0&apos;, java.version: &apos;15.0.2&apos;
Driver info: org.openqa.selenium.firefox.FirefoxDriver
Capabilities {acceptInsecureCerts: true, browserName: firefox, browserVersion: 89.0, javascriptEnabled: true, moz:accessibilityChecks: false, moz:buildID: 20210427185821, moz:geckodriverVersion: 0.29.0, moz:headless: false, moz:processID: 2792, moz:profile: C:\Users\lenovo\AppData\Loc..., moz:shutdownTimeout: 60000, moz:useNonSpecCompliantPointerOrigin: false, moz:webdriverClick: true, pageLoadStrategy: normal, platform: WINDOWS, platformName: WINDOWS, platformVersion: 10.0, setWindowRect: true, strictFileInteractability: false, timeouts: {implicit: 0, pageLoad: 300000, script: 30000}, unhandledPromptBehavior: dismiss and notify}
Session ID: b7c7cb97-a362-408b-8482-be3a8212e59b
	at org.openqa.selenium.remote.http.W3CHttpResponseCodec.createException(W3CHttpResponseCodec.java:187)
	at org.openqa.selenium.remote.http.W3CHttpResponseCodec.decode(W3CHttpResponseCodec.java:122)
	at org.openqa.selenium.remote.http.W3CHttpResponseCodec.decode(W3CHttpResponseCodec.java:49)
	at org.openqa.selenium.remote.HttpCommandExecutor.execute(HttpCommandExecutor.java:158)
	at org.openqa.selenium.remote.service.DriverCommandExecutor.execute(DriverCommandExecutor.java:83)
	at org.openqa.selenium.remote.RemoteWebDriver.execute(RemoteWebDriver.java:552)
	at org.openqa.selenium.remote.RemoteWebElement.execute(RemoteWebElement.java:285)
	at org.openqa.selenium.remote.RemoteWebElement.getAttribute(RemoteWebElement.java:134)
	at com.walmart.qa.pages.WalmartWebPage.Pagination(WalmartWebPage.java:41)
	at com.walmart.qa.testcases.WalmartWebPageTest.PaginationTest(WalmartWebPageTest.java:36)
	at java.base/java.util.ArrayList.forEach(ArrayList.java:1511)
... Removed 32 stack frames</div></td></tr></table><p class="totop"><a href="#summary">back to summary</a></p>
<h3 id="m4">com.walmart.qa.testcases.CreatePageTest#MyaccounttitlepageTest</h3><table class="result"><tr><th class="invisible"/></tr></table><p class="totop"><a href="#summary">back to summary</a></p>
<h3 id="m5">com.walmart.qa.testcases.ListsPageTest#listspage</h3><table class="result"><tr><th class="invisible"/></tr></table><p class="totop"><a href="#summary">back to summary</a></p>
<h3 id="m6">com.walmart.qa.testcases.ListsPageTest#searchfunctionTest</h3><table class="result"><tr><th class="invisible"/></tr></table><p class="totop"><a href="#summary">back to summary</a></p>
<h3 id="m7">com.walmart.qa.testcases.LoginPageTest#loginTest</h3><table class="result"><tr><th class="invisible"/></tr></table><p class="totop"><a href="#summary">back to summary</a></p>
<h3 id="m8">com.walmart.qa.testcases.MyAccountPageTest#cartaccessTest</h3><table class="result"><tr><th class="invisible"/></tr></table><p class="totop"><a href="#summary">back to summary</a></p>
<h3 id="m9">com.walmart.qa.testcases.MyAccountPageTest#orderHistoryTest</h3><table class="result"><tr><th class="invisible"/></tr></table><p class="totop"><a href="#summary">back to summary</a></p>
<h3 id="m10">com.walmart.qa.testcases.MyRegsPageTest#RegistriesPageTest</h3><table class="result"><tr><th class="invisible"/></tr></table><p class="totop"><a href="#summary">back to summary</a></p>
<h3 id="m11">com.walmart.qa.testcases.MyRegsPageTest#weddingandbabyregistry</h3><table class="result"><tr><th class="invisible"/></tr></table><p class="totop"><a href="#summary">back to summary</a></p>
<h3 id="m12">com.walmart.qa.testcases.MyrecomPageTest#RecommendationPageTest</h3><table class="result"><tr><th class="invisible"/></tr></table><p class="totop"><a href="#summary">back to summary</a></p>
<h3 id="m13">com.walmart.qa.testcases.MyrecomPageTest#addtocartTest</h3><table class="result"><tr><th class="invisible"/></tr></table><p class="totop"><a href="#summary">back to summary</a></p>
<h3 id="m14">com.walmart.qa.testcases.OrderTest#RedirectlinkTest</h3><table class="result"><tr><th class="invisible"/></tr></table><p class="totop"><a href="#summary">back to summary</a></p>
<h3 id="m15">com.walmart.qa.testcases.OrderTest#SelectYearTest</h3><table class="result"><tr><th class="invisible"/></tr></table><p class="totop"><a href="#summary">back to summary</a></p>
<h3 id="m16">com.walmart.qa.testcases.PersonalSettingsTest#PersonalSettingsTest</h3><table class="result"><tr><th class="invisible"/></tr></table><p class="totop"><a href="#summary">back to summary</a></p>
<h3 id="m17">com.walmart.qa.testcases.ShoppingCartTest#addtocartfromcartpageTest</h3><table class="result"><tr><th class="invisible"/></tr></table><p class="totop"><a href="#summary">back to summary</a></p>
<h3 id="m18">com.walmart.qa.testcases.ShoppingCartTest#removefromcartTest</h3><table class="result"><tr><th class="invisible"/></tr></table><p class="totop"><a href="#summary">back to summary</a></p>
<h3 id="m19">com.walmart.qa.testcases.WalmartWebPageTest#SortationTest</h3><table class="result"><tr><th class="invisible"/></tr></table><p class="totop"><a href="#summary">back to summary</a></p>
<h3 id="m20">com.walmart.qa.testcases.WalmartWebPageTest#filtrationTest</h3><table class="result"><tr><th class="invisible"/></tr></table><p class="totop"><a href="#summary">back to summary</a></p>
</body>
</html>
